[Startup] candidates_db created and tables/columns ensured (college_candidates, etc.)
[Startup] Storage initialized: local (uploads/6464-0160-2190-198-79266/Resume, /JD)
node:events:497
      throw er; // Unhandled 'error' event
      ^

Error: listen EADDRINUSE: address already in use :::8002
    at Server.setupListenHandle [as _listen2] (node:net:1940:16)
    at listenInCluster (node:net:1997:12)
    at Server.listen (node:net:2102:7)
    at Function.listen (/Users/ifocus/Documents/Systemmindz/AdminBackend/node_modules/express/lib/application.js:635:24)
    at startServer (/Users/ifocus/Documents/Systemmindz/AdminBackend/src/server.js:155:9)
    at process.processTicksAndRejections (node:internal/process/task_queues:105:5)
Emitted 'error' event on Server instance at:
    at emitErrorNT (node:net:1976:8)
    at process.processTicksAndRejections (node:internal/process/task_queues:90:21) {
  code: 'EADDRINUSE',
  errno: -48,
  syscall: 'listen',
  address: '::',
  port: 8002
}

Node.js v22.21.1
